\BOOKMARK [1][-]{section.1}{技巧}{}% 1
\BOOKMARK [2][-]{subsection.1.1}{标准输入输出}{section.1}% 2
\BOOKMARK [2][-]{subsection.1.2}{链表调试}{section.1}% 3
\BOOKMARK [2][-]{subsection.1.3}{双向链表}{section.1}% 4
\BOOKMARK [2][-]{subsection.1.4}{自定义类}{section.1}% 5
\BOOKMARK [2][-]{subsection.1.5}{自定义排序}{section.1}% 6
\BOOKMARK [2][-]{subsection.1.6}{查找表}{section.1}% 7
\BOOKMARK [2][-]{subsection.1.7}{类型转换}{section.1}% 8
\BOOKMARK [2][-]{subsection.1.8}{高精度运算}{section.1}% 9
\BOOKMARK [1][-]{section.2}{基础知识}{}% 10
\BOOKMARK [2][-]{subsection.2.1}{排序}{section.2}% 11
\BOOKMARK [3][-]{subsubsection.2.1.1}{冒泡排序}{subsection.2.1}% 12
\BOOKMARK [3][-]{subsubsection.2.1.2}{选择排序}{subsection.2.1}% 13
\BOOKMARK [3][-]{subsubsection.2.1.3}{插入排序}{subsection.2.1}% 14
\BOOKMARK [3][-]{subsubsection.2.1.4}{希尔排序}{subsection.2.1}% 15
\BOOKMARK [3][-]{subsubsection.2.1.5}{归并排序}{subsection.2.1}% 16
\BOOKMARK [3][-]{subsubsection.2.1.6}{快速排序}{subsection.2.1}% 17
\BOOKMARK [3][-]{subsubsection.2.1.7}{堆排序}{subsection.2.1}% 18
\BOOKMARK [3][-]{subsubsection.2.1.8}{计数排序}{subsection.2.1}% 19
\BOOKMARK [3][-]{subsubsection.2.1.9}{桶排序}{subsection.2.1}% 20
\BOOKMARK [3][-]{subsubsection.2.1.10}{基数排序}{subsection.2.1}% 21
\BOOKMARK [2][-]{subsection.2.2}{二分查找}{section.2}% 22
\BOOKMARK [3][-]{subsubsection.2.2.1}{基本}{subsection.2.2}% 23
\BOOKMARK [3][-]{subsubsection.2.2.2}{第一个等于}{subsection.2.2}% 24
\BOOKMARK [3][-]{subsubsection.2.2.3}{第一个大于等于}{subsection.2.2}% 25
\BOOKMARK [3][-]{subsubsection.2.2.4}{第一个大于}{subsection.2.2}% 26
\BOOKMARK [3][-]{subsubsection.2.2.5}{最后一个等于}{subsection.2.2}% 27
\BOOKMARK [3][-]{subsubsection.2.2.6}{最后一个小于等于}{subsection.2.2}% 28
\BOOKMARK [3][-]{subsubsection.2.2.7}{最后一个小于}{subsection.2.2}% 29
\BOOKMARK [2][-]{subsection.2.3}{二叉树遍历}{section.2}% 30
\BOOKMARK [3][-]{subsubsection.2.3.1}{前序}{subsection.2.3}% 31
\BOOKMARK [3][-]{subsubsection.2.3.2}{中序}{subsection.2.3}% 32
\BOOKMARK [3][-]{subsubsection.2.3.3}{后序}{subsection.2.3}% 33
\BOOKMARK [3][-]{subsubsection.2.3.4}{层次}{subsection.2.3}% 34
\BOOKMARK [2][-]{subsection.2.4}{搜索}{section.2}% 35
\BOOKMARK [3][-]{subsubsection.2.4.1}{回溯}{subsection.2.4}% 36
\BOOKMARK [3][-]{subsubsection.2.4.2}{深度优先搜索}{subsection.2.4}% 37
\BOOKMARK [3][-]{subsubsection.2.4.3}{宽度优先搜索}{subsection.2.4}% 38
\BOOKMARK [1][-]{section.3}{数据结构}{}% 39
\BOOKMARK [2][-]{subsection.3.1}{并查集}{section.3}% 40
\BOOKMARK [2][-]{subsection.3.2}{树状数组}{section.3}% 41
\BOOKMARK [3][-]{subsubsection.3.2.1}{单点修改、区间查询}{subsection.3.2}% 42
\BOOKMARK [3][-]{subsubsection.3.2.2}{区间修改、单点查询}{subsection.3.2}% 43
\BOOKMARK [3][-]{subsubsection.3.2.3}{区间修改、区间查询}{subsection.3.2}% 44
\BOOKMARK [2][-]{subsection.3.3}{线段树}{section.3}% 45
\BOOKMARK [2][-]{subsection.3.4}{字典树}{section.3}% 46
\BOOKMARK [2][-]{subsection.3.5}{单调栈}{section.3}% 47
\BOOKMARK [2][-]{subsection.3.6}{单调队列}{section.3}% 48
\BOOKMARK [1][-]{section.4}{动态规划}{}% 49
\BOOKMARK [2][-]{subsection.4.1}{区间}{section.4}% 50
\BOOKMARK [1][-]{section.5}{图论}{}% 51
\BOOKMARK [2][-]{subsection.5.1}{拓扑排序}{section.5}% 52
\BOOKMARK [2][-]{subsection.5.2}{连通性}{section.5}% 53
\BOOKMARK [3][-]{subsubsection.5.2.1}{强连通分量}{subsection.5.2}% 54
\BOOKMARK [3][-]{subsubsection.5.2.2}{点双连通分量}{subsection.5.2}% 55
\BOOKMARK [3][-]{subsubsection.5.2.3}{边双连通分量}{subsection.5.2}% 56
\BOOKMARK [3][-]{subsubsection.5.2.4}{割点与桥}{subsection.5.2}% 57
\BOOKMARK [1][-]{section.6}{字符串}{}% 58
\BOOKMARK [2][-]{subsection.6.1}{KMP}{section.6}% 59
\BOOKMARK [2][-]{subsection.6.2}{Manacher}{section.6}% 60
\BOOKMARK [1][-]{section.7}{数学}{}% 61
\BOOKMARK [2][-]{subsection.7.1}{高精度运算}{section.7}% 62
\BOOKMARK [3][-]{subsubsection.7.1.1}{加法}{subsection.7.1}% 63
\BOOKMARK [3][-]{subsubsection.7.1.2}{乘法}{subsection.7.1}% 64
\BOOKMARK [3][-]{subsubsection.7.1.3}{阶乘}{subsection.7.1}% 65
\BOOKMARK [2][-]{subsection.7.2}{快速幂}{section.7}% 66
\BOOKMARK [3][-]{subsubsection.7.2.1}{乘法快速幂}{subsection.7.2}% 67
\BOOKMARK [3][-]{subsubsection.7.2.2}{矩阵快速幂}{subsection.7.2}% 68
\BOOKMARK [2][-]{subsection.7.3}{数论}{section.7}% 69
\BOOKMARK [3][-]{subsubsection.7.3.1}{最大公约数与最小公倍数}{subsection.7.3}% 70
\BOOKMARK [3][-]{subsubsection.7.3.2}{素数筛法}{subsection.7.3}% 71
